code did not parse / empty	/home/landry/PycharmProjects/cpi_migrator/Final/Groovy/B2B_Integration_Factory_-_Communication_Receiver_Flows_-_Custom - script1.groovy
code did not parse / empty	/home/landry/PycharmProjects/cpi_migrator/Final/Groovy/New_Zealand_Inland_Revenue_Reporting_for_Payroll - timer.groovy
code did not parse / empty	/home/landry/PycharmProjects/cpi_migrator/Final/Groovy/SAP_Commerce_Cloud_Integration_with_SAP_Customer_Data_Cloud - script5.groovy
code did not parse / empty	/home/landry/PycharmProjects/cpi_migrator/Final/Groovy/SAP_Customer_Data_Cloud_Integration_with_SAP_S-4HANA - csvDataProcess.groovy
code did not parse / empty	/home/landry/PycharmProjects/cpi_migrator/Final/Groovy/SAP_Customer_Data_Cloud_Integration_with_SAP_S-4HANA_Cloud - csvDataProcess.groovy
code did not parse / empty	/home/landry/PycharmProjects/cpi_migrator/Final/Groovy/SAP_Service_Cloud_Version_2_Integration_with_SAP_S-4HANA - create_confirmation_for_update.groovy
code did not parse / empty	/home/landry/PycharmProjects/cpi_migrator/Final/Groovy/SAP_Service_Cloud_Version_2_Integration_with_SAP_S-4HANA - update_confirmation.groovy
code did not parse / empty	/home/landry/PycharmProjects/cpi_migrator/Final/Gsh/SAP_SuccessFactors_Employee_Central_integration_with_SAP_Time_and_Attendance_Management_by_WorkForce_Software - MapEffectiveDatedJobInfo.gsh
metadata/noise (ini)	/home/landry/PycharmProjects/cpi_migrator/Final/Ini/SAP_SuccessFactors_Employee_Central_Event-_or_Timer-based_Integration_with_SAP_Commissions - desktop-1.ini
metadata/noise (ini)	/home/landry/PycharmProjects/cpi_migrator/Final/Ini/SAP_SuccessFactors_Employee_Central_Event-_or_Timer-based_Integration_with_SAP_Commissions - desktop-2.ini
metadata/noise (ini)	/home/landry/PycharmProjects/cpi_migrator/Final/Ini/SAP_SuccessFactors_Employee_Central_Event-_or_Timer-based_Integration_with_SAP_Commissions - desktop-3.ini
metadata/noise (ini)	/home/landry/PycharmProjects/cpi_migrator/Final/Ini/SAP_SuccessFactors_Employee_Central_Event-_or_Timer-based_Integration_with_SAP_Commissions - desktop-4.ini
metadata/noise (ini)	/home/landry/PycharmProjects/cpi_migrator/Final/Ini/SAP_SuccessFactors_Employee_Central_Event-_or_Timer-based_Integration_with_SAP_Commissions - desktop.ini
json parse error: Unexpected UTF-8 BOM (decode using utf-8-sig): line 1 column	/home/landry/PycharmProjects/cpi_migrator/Final/Json/SAP_Enterprise_Service_Management_Integration_with_SAP_S-4HANA_Cloud - schema.json
json parse error: Extra data: line 342 column 1 (char 10691)	/home/landry/PycharmProjects/cpi_migrator/Final/Json/SAP_Service_Cloud_V2_for_Utilities_Contract_Account_Integration_with_SAP_S-4HANA - CNS_GetDunningHistory.json
no keys found	/home/landry/PycharmProjects/cpi_migrator/Final/Prop/B2B_Integration_Factory_-_Extended_Interchange_Processing_Flows - parameters-7.prop
no keys found	/home/landry/PycharmProjects/cpi_migrator/Final/Prop/Cloud_Integration_-_Trading_Partner_Management_V2 - parameters-6.prop
no keys found	/home/landry/PycharmProjects/cpi_migrator/Final/Prop/Data_Ingestion_for_Industry_Cloud_Solutions_Integration_with_SAP_Customer_Activity_Repository - parameters-2.prop
no keys found	/home/landry/PycharmProjects/cpi_migrator/Final/Prop/Data_Ingestion_for_Industry_Cloud_Solutions_Integration_with_SAP_Customer_Activity_Repository - parameters-3.prop
no keys found	/home/landry/PycharmProjects/cpi_migrator/Final/Prop/Data_Ingestion_for_Industry_Cloud_Solutions_Integration_with_SAP_Customer_Activity_Repository - parameters.prop
no keys found	/home/landry/PycharmProjects/cpi_migrator/Final/Prop/Data_Ingestion_for_Industry_Cloud_Solutions_Integration_with_SAP_S-4HANA - parameters-10.prop
no keys found	/home/landry/PycharmProjects/cpi_migrator/Final/Prop/Data_Ingestion_for_Industry_Cloud_Solutions_Integration_with_SAP_S-4HANA - parameters-101.prop
no keys found	/home/landry/PycharmProjects/cpi_migrator/Final/Prop/Data_Ingestion_for_Industry_Cloud_Solutions_Integration_with_SAP_S-4HANA - parameters-104.prop
no keys found	/home/landry/PycharmProjects/cpi_migrator/Final/Prop/Data_Ingestion_for_Industry_Cloud_Solutions_Integration_with_SAP_S-4HANA - parameters-106.prop
no keys found	/home/landry/PycharmProjects/cpi_migrator/Final/Prop/Data_Ingestion_for_Industry_Cloud_Solutions_Integration_with_SAP_S-4HANA - parameters-108.prop
no keys found	/home/landry/PycharmProjects/cpi_migrator/Final/Prop/Data_Ingestion_for_Industry_Cloud_Solutions_Integration_with_SAP_S-4HANA - parameters-109.prop
no keys found	/home/landry/PycharmProjects/cpi_migrator/Final/Prop/Data_Ingestion_for_Industry_Cloud_Solutions_Integration_with_SAP_S-4HANA - parameters-11.prop
no keys found	/home/landry/PycharmProjects/cpi_migrator/Final/Prop/Data_Ingestion_for_Industry_Cloud_Solutions_Integration_with_SAP_S-4HANA - parameters-110.prop
no keys found	/home/landry/PycharmProjects/cpi_migrator/Final/Prop/Data_Ingestion_for_Industry_Cloud_Solutions_Integration_with_SAP_S-4HANA - parameters-111.prop
no keys found	/home/landry/PycharmProjects/cpi_migrator/Final/Prop/Data_Ingestion_for_Industry_Cloud_Solutions_Integration_with_SAP_S-4HANA - parameters-113.prop
no keys found	/home/landry/PycharmProjects/cpi_migrator/Final/Prop/Data_Ingestion_for_Industry_Cloud_Solutions_Integration_with_SAP_S-4HANA - parameters-115.prop
no keys found	/home/landry/PycharmProjects/cpi_migrator/Final/Prop/Data_Ingestion_for_Industry_Cloud_Solutions_Integration_with_SAP_S-4HANA - parameters-116.prop
no keys found	/home/landry/PycharmProjects/cpi_migrator/Final/Prop/Data_Ingestion_for_Industry_Cloud_Solutions_Integration_with_SAP_S-4HANA - parameters-119.prop
no keys found	/home/landry/PycharmProjects/cpi_migrator/Final/Prop/Data_Ingestion_for_Industry_Cloud_Solutions_Integration_with_SAP_S-4HANA - parameters-120.prop
no keys found	/home/landry/PycharmProjects/cpi_migrator/Final/Prop/Data_Ingestion_for_Industry_Cloud_Solutions_Integration_with_SAP_S-4HANA - parameters-123.prop
no keys found	/home/landry/PycharmProjects/cpi_migrator/Final/Prop/Data_Ingestion_for_Industry_Cloud_Solutions_Integration_with_SAP_S-4HANA - parameters-124.prop
no keys found	/home/landry/PycharmProjects/cpi_migrator/Final/Prop/Data_Ingestion_for_Industry_Cloud_Solutions_Integration_with_SAP_S-4HANA - parameters-125.prop
no keys found	/home/landry/PycharmProjects/cpi_migrator/Final/Prop/Data_Ingestion_for_Industry_Cloud_Solutions_Integration_with_SAP_S-4HANA - parameters-13.prop
no keys found	/home/landry/PycharmProjects/cpi_migrator/Final/Prop/Data_Ingestion_for_Industry_Cloud_Solutions_Integration_with_SAP_S-4HANA - parameters-14.prop
no keys found	/home/landry/PycharmProjects/cpi_migrator/Final/Prop/Data_Ingestion_for_Industry_Cloud_Solutions_Integration_with_SAP_S-4HANA - parameters-15.prop
no keys found	/home/landry/PycharmProjects/cpi_migrator/Final/Prop/Data_Ingestion_for_Industry_Cloud_Solutions_Integration_with_SAP_S-4HANA - parameters-18.prop
no keys found	/home/landry/PycharmProjects/cpi_migrator/Final/Prop/Data_Ingestion_for_Industry_Cloud_Solutions_Integration_with_SAP_S-4HANA - parameters-2.prop
no keys found	/home/landry/PycharmProjects/cpi_migrator/Final/Prop/Data_Ingestion_for_Industry_Cloud_Solutions_Integration_with_SAP_S-4HANA - parameters-21.prop
no keys found	/home/landry/PycharmProjects/cpi_migrator/Final/Prop/Data_Ingestion_for_Industry_Cloud_Solutions_Integration_with_SAP_S-4HANA - parameters-22.prop
no keys found	/home/landry/PycharmProjects/cpi_migrator/Final/Prop/Data_Ingestion_for_Industry_Cloud_Solutions_Integration_with_SAP_S-4HANA - parameters-23.prop
no keys found	/home/landry/PycharmProjects/cpi_migrator/Final/Prop/Data_Ingestion_for_Industry_Cloud_Solutions_Integration_with_SAP_S-4HANA - parameters-26.prop
no keys found	/home/landry/PycharmProjects/cpi_migrator/Final/Prop/Data_Ingestion_for_Industry_Cloud_Solutions_Integration_with_SAP_S-4HANA - parameters-27.prop
no keys found	/home/landry/PycharmProjects/cpi_migrator/Final/Prop/Data_Ingestion_for_Industry_Cloud_Solutions_Integration_with_SAP_S-4HANA - parameters-28.prop
no keys found	/home/landry/PycharmProjects/cpi_migrator/Final/Prop/Data_Ingestion_for_Industry_Cloud_Solutions_Integration_with_SAP_S-4HANA - parameters-29.prop
no keys found	/home/landry/PycharmProjects/cpi_migrator/Final/Prop/Data_Ingestion_for_Industry_Cloud_Solutions_Integration_with_SAP_S-4HANA - parameters-3.prop
no keys found	/home/landry/PycharmProjects/cpi_migrator/Final/Prop/Data_Ingestion_for_Industry_Cloud_Solutions_Integration_with_SAP_S-4HANA - parameters-31.prop
no keys found	/home/landry/PycharmProjects/cpi_migrator/Final/Prop/Data_Ingestion_for_Industry_Cloud_Solutions_Integration_with_SAP_S-4HANA - parameters-34.prop
no keys found	/home/landry/PycharmProjects/cpi_migrator/Final/Prop/Data_Ingestion_for_Industry_Cloud_Solutions_Integration_with_SAP_S-4HANA - parameters-36.prop
no keys found	/home/landry/PycharmProjects/cpi_migrator/Final/Prop/Data_Ingestion_for_Industry_Cloud_Solutions_Integration_with_SAP_S-4HANA - parameters-37.prop
no keys found	/home/landry/PycharmProjects/cpi_migrator/Final/Prop/Data_Ingestion_for_Industry_Cloud_Solutions_Integration_with_SAP_S-4HANA - parameters-39.prop
no keys found	/home/landry/PycharmProjects/cpi_migrator/Final/Prop/Data_Ingestion_for_Industry_Cloud_Solutions_Integration_with_SAP_S-4HANA - parameters-44.prop
no keys found	/home/landry/PycharmProjects/cpi_migrator/Final/Prop/Data_Ingestion_for_Industry_Cloud_Solutions_Integration_with_SAP_S-4HANA - parameters-45.prop
no keys found	/home/landry/PycharmProjects/cpi_migrator/Final/Prop/Data_Ingestion_for_Industry_Cloud_Solutions_Integration_with_SAP_S-4HANA - parameters-48.prop
no keys found	/home/landry/PycharmProjects/cpi_migrator/Final/Prop/Data_Ingestion_for_Industry_Cloud_Solutions_Integration_with_SAP_S-4HANA - parameters-50.prop
no keys found	/home/landry/PycharmProjects/cpi_migrator/Final/Prop/Data_Ingestion_for_Industry_Cloud_Solutions_Integration_with_SAP_S-4HANA - parameters-51.prop
no keys found	/home/landry/PycharmProjects/cpi_migrator/Final/Prop/Data_Ingestion_for_Industry_Cloud_Solutions_Integration_with_SAP_S-4HANA - parameters-54.prop
no keys found	/home/landry/PycharmProjects/cpi_migrator/Final/Prop/Data_Ingestion_for_Industry_Cloud_Solutions_Integration_with_SAP_S-4HANA - parameters-56.prop
no keys found	/home/landry/PycharmProjects/cpi_migrator/Final/Prop/Data_Ingestion_for_Industry_Cloud_Solutions_Integration_with_SAP_S-4HANA - parameters-58.prop
no keys found	/home/landry/PycharmProjects/cpi_migrator/Final/Prop/Data_Ingestion_for_Industry_Cloud_Solutions_Integration_with_SAP_S-4HANA - parameters-59.prop
no keys found	/home/landry/PycharmProjects/cpi_migrator/Final/Prop/Data_Ingestion_for_Industry_Cloud_Solutions_Integration_with_SAP_S-4HANA - parameters-60.prop
no keys found	/home/landry/PycharmProjects/cpi_migrator/Final/Prop/Data_Ingestion_for_Industry_Cloud_Solutions_Integration_with_SAP_S-4HANA - parameters-61.prop
no keys found	/home/landry/PycharmProjects/cpi_migrator/Final/Prop/Data_Ingestion_for_Industry_Cloud_Solutions_Integration_with_SAP_S-4HANA - parameters-62.prop
no keys found	/home/landry/PycharmProjects/cpi_migrator/Final/Prop/Data_Ingestion_for_Industry_Cloud_Solutions_Integration_with_SAP_S-4HANA - parameters-63.prop
no keys found	/home/landry/PycharmProjects/cpi_migrator/Final/Prop/Data_Ingestion_for_Industry_Cloud_Solutions_Integration_with_SAP_S-4HANA - parameters-64.prop
no keys found	/home/landry/PycharmProjects/cpi_migrator/Final/Prop/Data_Ingestion_for_Industry_Cloud_Solutions_Integration_with_SAP_S-4HANA - parameters-68.prop
no keys found	/home/landry/PycharmProjects/cpi_migrator/Final/Prop/Data_Ingestion_for_Industry_Cloud_Solutions_Integration_with_SAP_S-4HANA - parameters-7.prop
no keys found	/home/landry/PycharmProjects/cpi_migrator/Final/Prop/Data_Ingestion_for_Industry_Cloud_Solutions_Integration_with_SAP_S-4HANA - parameters-73.prop
no keys found	/home/landry/PycharmProjects/cpi_migrator/Final/Prop/Data_Ingestion_for_Industry_Cloud_Solutions_Integration_with_SAP_S-4HANA - parameters-75.prop
no keys found	/home/landry/PycharmProjects/cpi_migrator/Final/Prop/Data_Ingestion_for_Industry_Cloud_Solutions_Integration_with_SAP_S-4HANA - parameters-77.prop
no keys found	/home/landry/PycharmProjects/cpi_migrator/Final/Prop/Data_Ingestion_for_Industry_Cloud_Solutions_Integration_with_SAP_S-4HANA - parameters-81.prop
no keys found	/home/landry/PycharmProjects/cpi_migrator/Final/Prop/Data_Ingestion_for_Industry_Cloud_Solutions_Integration_with_SAP_S-4HANA - parameters-83.prop
no keys found	/home/landry/PycharmProjects/cpi_migrator/Final/Prop/Data_Ingestion_for_Industry_Cloud_Solutions_Integration_with_SAP_S-4HANA - parameters-86.prop
no keys found	/home/landry/PycharmProjects/cpi_migrator/Final/Prop/Data_Ingestion_for_Industry_Cloud_Solutions_Integration_with_SAP_S-4HANA - parameters-87.prop
no keys found	/home/landry/PycharmProjects/cpi_migrator/Final/Prop/Data_Ingestion_for_Industry_Cloud_Solutions_Integration_with_SAP_S-4HANA - parameters-88.prop
no keys found	/home/landry/PycharmProjects/cpi_migrator/Final/Prop/Data_Ingestion_for_Industry_Cloud_Solutions_Integration_with_SAP_S-4HANA - parameters-9.prop
no keys found	/home/landry/PycharmProjects/cpi_migrator/Final/Prop/Data_Ingestion_for_Industry_Cloud_Solutions_Integration_with_SAP_S-4HANA - parameters-92.prop
no keys found	/home/landry/PycharmProjects/cpi_migrator/Final/Prop/Data_Ingestion_for_Industry_Cloud_Solutions_Integration_with_SAP_S-4HANA - parameters-93.prop
no keys found	/home/landry/PycharmProjects/cpi_migrator/Final/Prop/Data_Ingestion_for_Industry_Cloud_Solutions_Integration_with_SAP_S-4HANA - parameters-94.prop
no keys found	/home/landry/PycharmProjects/cpi_migrator/Final/Prop/Data_Ingestion_for_Industry_Cloud_Solutions_Integration_with_SAP_S-4HANA - parameters-95.prop
no keys found	/home/landry/PycharmProjects/cpi_migrator/Final/Prop/EDI_Integration_Templates_for_SAP_Integration_Advisor - parameters-1.prop
no keys found	/home/landry/PycharmProjects/cpi_migrator/Final/Prop/EDI_Integration_Templates_for_SAP_Integration_Advisor - parameters-2.prop
no keys found	/home/landry/PycharmProjects/cpi_migrator/Final/Prop/EDI_Integration_Templates_for_SAP_Integration_Advisor - parameters-3.prop
no keys found	/home/landry/PycharmProjects/cpi_migrator/Final/Prop/EDI_Integration_Templates_for_SAP_Integration_Advisor - parameters-4.prop
no keys found	/home/landry/PycharmProjects/cpi_migrator/Final/Prop/EDI_Integration_Templates_for_SAP_Integration_Advisor - parameters-5.prop
no keys found	/home/landry/PycharmProjects/cpi_migrator/Final/Prop/EDI_Integration_Templates_for_SAP_Integration_Advisor - parameters-6.prop
no keys found	/home/landry/PycharmProjects/cpi_migrator/Final/Prop/EDI_Integration_Templates_for_SAP_Integration_Advisor - parameters-7.prop
no keys found	/home/landry/PycharmProjects/cpi_migrator/Final/Prop/EDI_Integration_Templates_for_SAP_Integration_Advisor - parameters-8.prop
no keys found	/home/landry/PycharmProjects/cpi_migrator/Final/Prop/EDI_Integration_Templates_for_SAP_Integration_Advisor - parameters-9.prop
no keys found	/home/landry/PycharmProjects/cpi_migrator/Final/Prop/EDI_Integration_Templates_for_SAP_Integration_Advisor - parameters.prop
no keys found	/home/landry/PycharmProjects/cpi_migrator/Final/Prop/Google_Ads_Integration_with_SAP_Marketing_Cloud_or_SAP_Marketing - parameters-4.prop
no keys found	/home/landry/PycharmProjects/cpi_migrator/Final/Prop/Icertis_Contract_Intelligence_(ICI)_Integration_with_SAP_CPQ_and_SAP_S-4HANA_(Sell_Side)_-_Extensions - parameters-1.prop
no keys found	/home/landry/PycharmProjects/cpi_migrator/Final/Prop/Icertis_Contract_Intelligence_(ICI)_Integration_with_SAP_CPQ_and_SAP_S-4HANA_(Sell_Side)_-_Extensions - parameters-2.prop
no keys found	/home/landry/PycharmProjects/cpi_migrator/Final/Prop/Icertis_Contract_Intelligence_(ICI)_Integration_with_SAP_CPQ_and_SAP_S-4HANA_(Sell_Side)_-_Extensions - parameters-3.prop
no keys found	/home/landry/PycharmProjects/cpi_migrator/Final/Prop/Icertis_Contract_Intelligence_(ICI)_Integration_with_SAP_CPQ_and_SAP_S-4HANA_(Sell_Side)_-_Extensions - parameters.prop
no keys found	/home/landry/PycharmProjects/cpi_migrator/Final/Prop/Icertis_Contract_Intelligence_(ICI)_for_SAP_S-4HANA_(Buy_Side)_-_Extensions - parameters-1.prop
no keys found	/home/landry/PycharmProjects/cpi_migrator/Final/Prop/Icertis_Contract_Intelligence_(ICI)_for_SAP_S-4HANA_(Buy_Side)_-_Extensions - parameters-2.prop
no keys found	/home/landry/PycharmProjects/cpi_migrator/Final/Prop/Icertis_Contract_Intelligence_(ICI)_for_SAP_S-4HANA_(Buy_Side)_-_Extensions - parameters-3.prop
no keys found	/home/landry/PycharmProjects/cpi_migrator/Final/Prop/Icertis_Contract_Intelligence_(ICI)_for_SAP_S-4HANA_(Buy_Side)_-_Extensions - parameters.prop
no keys found	/home/landry/PycharmProjects/cpi_migrator/Final/Prop/Integration_Flow_Design_Guidelines_-_Apply_Highest_Security_Standards - parameters-1.prop
no keys found	/home/landry/PycharmProjects/cpi_migrator/Final/Prop/Integration_Flow_Design_Guidelines_-_Apply_Highest_Security_Standards - parameters-10.prop
no keys found	/home/landry/PycharmProjects/cpi_migrator/Final/Prop/Integration_Flow_Design_Guidelines_-_Apply_Highest_Security_Standards - parameters-11.prop
no keys found	/home/landry/PycharmProjects/cpi_migrator/Final/Prop/Integration_Flow_Design_Guidelines_-_Apply_Highest_Security_Standards - parameters-2.prop
no keys found	/home/landry/PycharmProjects/cpi_migrator/Final/Prop/Integration_Flow_Design_Guidelines_-_Apply_Highest_Security_Standards - parameters-4.prop
no keys found	/home/landry/PycharmProjects/cpi_migrator/Final/Prop/Integration_Flow_Design_Guidelines_-_Apply_Highest_Security_Standards - parameters-6.prop
no keys found	/home/landry/PycharmProjects/cpi_migrator/Final/Prop/Integration_Flow_Design_Guidelines_-_Apply_Highest_Security_Standards - parameters-8.prop
no keys found	/home/landry/PycharmProjects/cpi_migrator/Final/Prop/Integration_Flow_Design_Guidelines_-_Apply_Highest_Security_Standards - parameters-9.prop
no keys found	/home/landry/PycharmProjects/cpi_migrator/Final/Prop/Integration_Flow_Design_Guidelines_-_Enterprise_Integration_Patterns - parameters-1.prop
no keys found	/home/landry/PycharmProjects/cpi_migrator/Final/Prop/Integration_Flow_Design_Guidelines_-_Enterprise_Integration_Patterns - parameters-13.prop
no keys found	/home/landry/PycharmProjects/cpi_migrator/Final/Prop/Integration_Flow_Design_Guidelines_-_Enterprise_Integration_Patterns - parameters-15.prop
no keys found	/home/landry/PycharmProjects/cpi_migrator/Final/Prop/Integration_Flow_Design_Guidelines_-_Enterprise_Integration_Patterns - parameters-17.prop
no keys found	/home/landry/PycharmProjects/cpi_migrator/Final/Prop/Integration_Flow_Design_Guidelines_-_Enterprise_Integration_Patterns - parameters-18.prop
no keys found	/home/landry/PycharmProjects/cpi_migrator/Final/Prop/Integration_Flow_Design_Guidelines_-_Enterprise_Integration_Patterns - parameters-20.prop
no keys found	/home/landry/PycharmProjects/cpi_migrator/Final/Prop/Integration_Flow_Design_Guidelines_-_Enterprise_Integration_Patterns - parameters-21.prop
no keys found	/home/landry/PycharmProjects/cpi_migrator/Final/Prop/Integration_Flow_Design_Guidelines_-_Enterprise_Integration_Patterns - parameters-23.prop
no keys found	/home/landry/PycharmProjects/cpi_migrator/Final/Prop/Integration_Flow_Design_Guidelines_-_Enterprise_Integration_Patterns - parameters-28.prop
no keys found	/home/landry/PycharmProjects/cpi_migrator/Final/Prop/Integration_Flow_Design_Guidelines_-_Enterprise_Integration_Patterns - parameters-31.prop
no keys found	/home/landry/PycharmProjects/cpi_migrator/Final/Prop/Integration_Flow_Design_Guidelines_-_Enterprise_Integration_Patterns - parameters-34.prop
no keys found	/home/landry/PycharmProjects/cpi_migrator/Final/Prop/Integration_Flow_Design_Guidelines_-_Enterprise_Integration_Patterns - parameters-37.prop
no keys found	/home/landry/PycharmProjects/cpi_migrator/Final/Prop/Integration_Flow_Design_Guidelines_-_Enterprise_Integration_Patterns - parameters-4.prop
no keys found	/home/landry/PycharmProjects/cpi_migrator/Final/Prop/Integration_Flow_Design_Guidelines_-_Enterprise_Integration_Patterns - parameters-5.prop
no keys found	/home/landry/PycharmProjects/cpi_migrator/Final/Prop/Integration_Flow_Design_Guidelines_-_Enterprise_Integration_Patterns - parameters-7.prop
no keys found	/home/landry/PycharmProjects/cpi_migrator/Final/Prop/Integration_Flow_Design_Guidelines_-_Enterprise_Integration_Patterns - parameters-8.prop
no keys found	/home/landry/PycharmProjects/cpi_migrator/Final/Prop/Integration_Flow_Design_Guidelines_-_Handle_Errors_Gracefully - parameters-1.prop
no keys found	/home/landry/PycharmProjects/cpi_migrator/Final/Prop/Integration_Flow_Design_Guidelines_-_Handle_Errors_Gracefully - parameters-11.prop
no keys found	/home/landry/PycharmProjects/cpi_migrator/Final/Prop/Integration_Flow_Design_Guidelines_-_Handle_Errors_Gracefully - parameters-12.prop
no keys found	/home/landry/PycharmProjects/cpi_migrator/Final/Prop/Integration_Flow_Design_Guidelines_-_Handle_Errors_Gracefully - parameters-13.prop
no keys found	/home/landry/PycharmProjects/cpi_migrator/Final/Prop/Integration_Flow_Design_Guidelines_-_Handle_Errors_Gracefully - parameters-15.prop
no keys found	/home/landry/PycharmProjects/cpi_migrator/Final/Prop/Integration_Flow_Design_Guidelines_-_Handle_Errors_Gracefully - parameters-17.prop
no keys found	/home/landry/PycharmProjects/cpi_migrator/Final/Prop/Integration_Flow_Design_Guidelines_-_Handle_Errors_Gracefully - parameters-4.prop
no keys found	/home/landry/PycharmProjects/cpi_migrator/Final/Prop/Integration_Flow_Design_Guidelines_-_Handle_Errors_Gracefully - parameters-7.prop
no keys found	/home/landry/PycharmProjects/cpi_migrator/Final/Prop/Integration_Flow_Design_Guidelines_-_Handle_Errors_Gracefully - parameters-8.prop
no keys found	/home/landry/PycharmProjects/cpi_migrator/Final/Prop/Integration_Flow_Design_Guidelines_-_Handle_Errors_Gracefully - parameters-9.prop
no keys found	/home/landry/PycharmProjects/cpi_migrator/Final/Prop/Integration_Flow_Design_Guidelines_-_Keep_Readability_in_Mind - parameters-2.prop
no keys found	/home/landry/PycharmProjects/cpi_migrator/Final/Prop/Integration_Flow_Design_Guidelines_-_Keep_Readability_in_Mind - parameters-4.prop
no keys found	/home/landry/PycharmProjects/cpi_migrator/Final/Prop/Integration_Flow_Design_Guidelines_-_Keep_Readability_in_Mind - parameters-5.prop
no keys found	/home/landry/PycharmProjects/cpi_migrator/Final/Prop/Integration_Flow_Design_Guidelines_-_Learn_the_Basics - parameters-1.prop
no keys found	/home/landry/PycharmProjects/cpi_migrator/Final/Prop/Integration_Flow_Design_Guidelines_-_Learn_the_Basics - parameters-14.prop
no keys found	/home/landry/PycharmProjects/cpi_migrator/Final/Prop/Integration_Flow_Design_Guidelines_-_Learn_the_Basics - parameters-17.prop
no keys found	/home/landry/PycharmProjects/cpi_migrator/Final/Prop/Integration_Flow_Design_Guidelines_-_Learn_the_Basics - parameters-18.prop
no keys found	/home/landry/PycharmProjects/cpi_migrator/Final/Prop/Integration_Flow_Design_Guidelines_-_Learn_the_Basics - parameters-19.prop
no keys found	/home/landry/PycharmProjects/cpi_migrator/Final/Prop/Integration_Flow_Design_Guidelines_-_Learn_the_Basics - parameters-2.prop
no keys found	/home/landry/PycharmProjects/cpi_migrator/Final/Prop/Integration_Flow_Design_Guidelines_-_Learn_the_Basics - parameters-23.prop
no keys found	/home/landry/PycharmProjects/cpi_migrator/Final/Prop/Integration_Flow_Design_Guidelines_-_Learn_the_Basics - parameters-25.prop
no keys found	/home/landry/PycharmProjects/cpi_migrator/Final/Prop/Integration_Flow_Design_Guidelines_-_Learn_the_Basics - parameters-26.prop
no keys found	/home/landry/PycharmProjects/cpi_migrator/Final/Prop/Integration_Flow_Design_Guidelines_-_Learn_the_Basics - parameters-27.prop
no keys found	/home/landry/PycharmProjects/cpi_migrator/Final/Prop/Integration_Flow_Design_Guidelines_-_Learn_the_Basics - parameters-28.prop
no keys found	/home/landry/PycharmProjects/cpi_migrator/Final/Prop/Integration_Flow_Design_Guidelines_-_Learn_the_Basics - parameters-30.prop
no keys found	/home/landry/PycharmProjects/cpi_migrator/Final/Prop/Integration_Flow_Design_Guidelines_-_Learn_the_Basics - parameters-7.prop
no keys found	/home/landry/PycharmProjects/cpi_migrator/Final/Prop/Integration_Flow_Design_Guidelines_-_Learn_the_Basics - parameters.prop
no keys found	/home/landry/PycharmProjects/cpi_migrator/Final/Prop/Integration_Flow_Design_Guidelines_-_Scripting_Guidelines - parameters-2.prop
no keys found	/home/landry/PycharmProjects/cpi_migrator/Final/Prop/Integration_Flow_Design_Guidelines_-_Scripting_Guidelines - parameters-3.prop
no keys found	/home/landry/PycharmProjects/cpi_migrator/Final/Prop/Integration_Flow_Design_Guidelines_-_Scripting_Guidelines - parameters-4.prop
no keys found	/home/landry/PycharmProjects/cpi_migrator/Final/Prop/Integration_Flow_Design_Guidelines_-_Scripting_Guidelines - parameters-8.prop
no keys found	/home/landry/PycharmProjects/cpi_migrator/Final/Prop/Integration_Flow_Design_Guidelines_-_Scripting_Guidelines - parameters.prop
no keys found	/home/landry/PycharmProjects/cpi_migrator/Final/Prop/KaTe_MQTT_Adapter - parameters.prop
no keys found	/home/landry/PycharmProjects/cpi_migrator/Final/Prop/MDP_WebDAV_Adapter - parameters.prop
no keys found	/home/landry/PycharmProjects/cpi_migrator/Final/Prop/Message_Transformation_Utilities - parameters-1.prop
no keys found	/home/landry/PycharmProjects/cpi_migrator/Final/Prop/Message_Transformation_Utilities - parameters-11.prop
no keys found	/home/landry/PycharmProjects/cpi_migrator/Final/Prop/Message_Transformation_Utilities - parameters-13.prop
no keys found	/home/landry/PycharmProjects/cpi_migrator/Final/Prop/Message_Transformation_Utilities - parameters-14.prop
no keys found	/home/landry/PycharmProjects/cpi_migrator/Final/Prop/Message_Transformation_Utilities - parameters-15.prop
no keys found	/home/landry/PycharmProjects/cpi_migrator/Final/Prop/Message_Transformation_Utilities - parameters-16.prop
no keys found	/home/landry/PycharmProjects/cpi_migrator/Final/Prop/Message_Transformation_Utilities - parameters-17.prop
no keys found	/home/landry/PycharmProjects/cpi_migrator/Final/Prop/Message_Transformation_Utilities - parameters-18.prop
no keys found	/home/landry/PycharmProjects/cpi_migrator/Final/Prop/Message_Transformation_Utilities - parameters-19.prop
no keys found	/home/landry/PycharmProjects/cpi_migrator/Final/Prop/Message_Transformation_Utilities - parameters-2.prop
no keys found	/home/landry/PycharmProjects/cpi_migrator/Final/Prop/Message_Transformation_Utilities - parameters-20.prop
no keys found	/home/landry/PycharmProjects/cpi_migrator/Final/Prop/Message_Transformation_Utilities - parameters-23.prop
no keys found	/home/landry/PycharmProjects/cpi_migrator/Final/Prop/Message_Transformation_Utilities - parameters-24.prop
no keys found	/home/landry/PycharmProjects/cpi_migrator/Final/Prop/Message_Transformation_Utilities - parameters-26.prop
no keys found	/home/landry/PycharmProjects/cpi_migrator/Final/Prop/Message_Transformation_Utilities - parameters-28.prop
no keys found	/home/landry/PycharmProjects/cpi_migrator/Final/Prop/Message_Transformation_Utilities - parameters-29.prop
no keys found	/home/landry/PycharmProjects/cpi_migrator/Final/Prop/Message_Transformation_Utilities - parameters-3.prop
no keys found	/home/landry/PycharmProjects/cpi_migrator/Final/Prop/Message_Transformation_Utilities - parameters-30.prop
no keys found	/home/landry/PycharmProjects/cpi_migrator/Final/Prop/Message_Transformation_Utilities - parameters-31.prop
no keys found	/home/landry/PycharmProjects/cpi_migrator/Final/Prop/Message_Transformation_Utilities - parameters-32.prop
no keys found	/home/landry/PycharmProjects/cpi_migrator/Final/Prop/Message_Transformation_Utilities - parameters-33.prop
no keys found	/home/landry/PycharmProjects/cpi_migrator/Final/Prop/Message_Transformation_Utilities - parameters-35.prop
no keys found	/home/landry/PycharmProjects/cpi_migrator/Final/Prop/Message_Transformation_Utilities - parameters-5.prop
no keys found	/home/landry/PycharmProjects/cpi_migrator/Final/Prop/Message_Transformation_Utilities - parameters-8.prop
no keys found	/home/landry/PycharmProjects/cpi_migrator/Final/Prop/Message_Transformation_Utilities - parameters.prop
no keys found	/home/landry/PycharmProjects/cpi_migrator/Final/Prop/Procurement_Data_Warehouse_Integration_with_Data_Products - parameters-1.prop
no keys found	/home/landry/PycharmProjects/cpi_migrator/Final/Prop/Procurement_Data_Warehouse_Integration_with_Data_Products - parameters.prop
no keys found	/home/landry/PycharmProjects/cpi_migrator/Final/Prop/QuantityWare_Integration_with_Third_Party - parameters-1.prop
no keys found	/home/landry/PycharmProjects/cpi_migrator/Final/Prop/QuantityWare_Integration_with_Third_Party - parameters.prop
no keys found	/home/landry/PycharmProjects/cpi_migrator/Final/Prop/SAP_Ariba_Content_Transformation_Service_Template_iflows - parameters.prop
no keys found	/home/landry/PycharmProjects/cpi_migrator/Final/Prop/SAP_Ariba_Integration_with_Third-Party_for_Analytical_Reporting - parameters-1.prop
no keys found	/home/landry/PycharmProjects/cpi_migrator/Final/Prop/SAP_Ariba_Integration_with_Third-Party_for_Analytical_Reporting - parameters.prop
no keys found	/home/landry/PycharmProjects/cpi_migrator/Final/Prop/SAP_Business_ByDesign_to_SAP_Concur_Integration_Enhancements - parameters-1.prop
no keys found	/home/landry/PycharmProjects/cpi_migrator/Final/Prop/SAP_Business_ByDesign_to_SAP_Concur_Integration_Enhancements - parameters-2.prop
no keys found	/home/landry/PycharmProjects/cpi_migrator/Final/Prop/SAP_Business_ByDesign_to_SAP_Concur_Integration_Enhancements - parameters-3.prop
no keys found	/home/landry/PycharmProjects/cpi_migrator/Final/Prop/SAP_Business_ByDesign_to_SAP_Concur_Integration_Enhancements - parameters.prop
no keys found	/home/landry/PycharmProjects/cpi_migrator/Final/Prop/SAP_Business_Network_Asset_Collaboration_integration_with_SAP_Cloud_for_Customer - parameters-1.prop
no keys found	/home/landry/PycharmProjects/cpi_migrator/Final/Prop/SAP_Business_Network_Material_Traceability_Data_Provisioning_for_Catena-X_V2.0 - parameters-1.prop
no keys found	/home/landry/PycharmProjects/cpi_migrator/Final/Prop/SAP_Business_Network_Material_Traceability_integration_with_Decentral_Digital_Twin_Registry - parameters-1.prop
no keys found	/home/landry/PycharmProjects/cpi_migrator/Final/Prop/SAP_Business_Network_Material_Traceability_integration_with_Decentral_Digital_Twin_Registry - parameters-4.prop
no keys found	/home/landry/PycharmProjects/cpi_migrator/Final/Prop/SAP_Commerce_financial_services_accelerator_integration_with_SAP_for_Insurance - parameters.prop
no keys found	/home/landry/PycharmProjects/cpi_migrator/Final/Prop/SAP_Customer_Checkout_Integration_with_SAP_S-4HANA_Cloud - parameters-2.prop
no keys found	/home/landry/PycharmProjects/cpi_migrator/Final/Prop/SAP_Customer_Data_Cloud_Integration_with_SAP_Marketing_Cloud - parameters-3.prop
no keys found	/home/landry/PycharmProjects/cpi_migrator/Final/Prop/SAP_Document_and_Reporting_Compliance-_Electronic_Documents_for_Chile - parameters-12.prop
no keys found	/home/landry/PycharmProjects/cpi_migrator/Final/Prop/SAP_Document_and_Reporting_Compliance-_Electronic_Documents_for_Chile - parameters-18.prop
no keys found	/home/landry/PycharmProjects/cpi_migrator/Final/Prop/SAP_Document_and_Reporting_Compliance-_Electronic_Documents_for_Chile - parameters-24.prop
no keys found	/home/landry/PycharmProjects/cpi_migrator/Final/Prop/SAP_Document_and_Reporting_Compliance-_Electronic_Documents_for_Chile - parameters-25.prop
no keys found	/home/landry/PycharmProjects/cpi_migrator/Final/Prop/SAP_Document_and_Reporting_Compliance-_Electronic_Invoice_for_Egypt - parameters-5.prop
no keys found	/home/landry/PycharmProjects/cpi_migrator/Final/Prop/SAP_IBP_-_Reusable_Integration_Flows - parameters-10.prop
no keys found	/home/landry/PycharmProjects/cpi_migrator/Final/Prop/SAP_IBP_-_Reusable_Integration_Flows - parameters-11.prop
no keys found	/home/landry/PycharmProjects/cpi_migrator/Final/Prop/SAP_IBP_-_Reusable_Integration_Flows - parameters-2.prop
no keys found	/home/landry/PycharmProjects/cpi_migrator/Final/Prop/SAP_IBP_-_Reusable_Integration_Flows - parameters-3.prop
no keys found	/home/landry/PycharmProjects/cpi_migrator/Final/Prop/SAP_IBP_-_Reusable_Integration_Flows - parameters-4.prop
no keys found	/home/landry/PycharmProjects/cpi_migrator/Final/Prop/SAP_IBP_-_Reusable_Integration_Flows - parameters-5.prop
no keys found	/home/landry/PycharmProjects/cpi_migrator/Final/Prop/SAP_IBP_-_Reusable_Integration_Flows - parameters-6.prop
no keys found	/home/landry/PycharmProjects/cpi_migrator/Final/Prop/SAP_IBP_-_Reusable_Integration_Flows - parameters-7.prop
no keys found	/home/landry/PycharmProjects/cpi_migrator/Final/Prop/SAP_IBP_-_Reusable_Integration_Flows - parameters-8.prop
no keys found	/home/landry/PycharmProjects/cpi_migrator/Final/Prop/SAP_IBP_-_Reusable_Integration_Flows - parameters-9.prop
no keys found	/home/landry/PycharmProjects/cpi_migrator/Final/Prop/SAP_IBP_-_Reusable_Integration_Flows - parameters.prop
no keys found	/home/landry/PycharmProjects/cpi_migrator/Final/Prop/SAP_IBP_-_Reusable_Integration_Flows_Examples - parameters-1.prop
no keys found	/home/landry/PycharmProjects/cpi_migrator/Final/Prop/SAP_IBP_Add-On_-_Reusable_Integration_Flows - parameters-1.prop
no keys found	/home/landry/PycharmProjects/cpi_migrator/Final/Prop/SAP_IBP_Add-On_-_Reusable_Integration_Flows - parameters-2.prop
no keys found	/home/landry/PycharmProjects/cpi_migrator/Final/Prop/SAP_IBP_Add-On_-_Reusable_Integration_Flows - parameters-3.prop
no keys found	/home/landry/PycharmProjects/cpi_migrator/Final/Prop/SAP_IBP_Add-On_-_Reusable_Integration_Flows - parameters-4.prop
no keys found	/home/landry/PycharmProjects/cpi_migrator/Final/Prop/SAP_IBP_Add-On_-_Reusable_Integration_Flows - parameters-5.prop
no keys found	/home/landry/PycharmProjects/cpi_migrator/Final/Prop/SAP_IBP_Add-On_-_Reusable_Integration_Flows - parameters-6.prop
no keys found	/home/landry/PycharmProjects/cpi_migrator/Final/Prop/SAP_IBP_Add-On_-_Reusable_Integration_Flows - parameters.prop
no keys found	/home/landry/PycharmProjects/cpi_migrator/Final/Prop/SAP_Intelligent_Trade_Claims_Management_integration_with_SAP_S-4HANA_and_SAP_Trade_Promotion_Management_for_Settlement - parameters-10.prop
no keys found	/home/landry/PycharmProjects/cpi_migrator/Final/Prop/SAP_Intelligent_Trade_Claims_Management_integration_with_SAP_S-4HANA_and_SAP_Trade_Promotion_Management_for_Settlement - parameters-11.prop
no keys found	/home/landry/PycharmProjects/cpi_migrator/Final/Prop/SAP_Intelligent_Trade_Claims_Management_integration_with_SAP_S-4HANA_and_SAP_Trade_Promotion_Management_for_Settlement - parameters-2.prop
no keys found	/home/landry/PycharmProjects/cpi_migrator/Final/Prop/SAP_Intelligent_Trade_Claims_Management_integration_with_SAP_S-4HANA_and_SAP_Trade_Promotion_Management_for_Settlement - parameters-3.prop
no keys found	/home/landry/PycharmProjects/cpi_migrator/Final/Prop/SAP_Intelligent_Trade_Claims_Management_integration_with_SAP_S-4HANA_and_SAP_Trade_Promotion_Management_for_Settlement - parameters-4.prop
no keys found	/home/landry/PycharmProjects/cpi_migrator/Final/Prop/SAP_Intelligent_Trade_Claims_Management_integration_with_SAP_S-4HANA_and_SAP_Trade_Promotion_Management_for_Settlement - parameters-5.prop
no keys found	/home/landry/PycharmProjects/cpi_migrator/Final/Prop/SAP_Intelligent_Trade_Claims_Management_integration_with_SAP_S-4HANA_and_SAP_Trade_Promotion_Management_for_Settlement - parameters-8.prop
no keys found	/home/landry/PycharmProjects/cpi_migrator/Final/Prop/SAP_Intelligent_Trade_Claims_Management_integration_with_SAP_S-4HANA_and_SAP_Trade_Promotion_Management_for_Settlement - parameters.prop
no keys found	/home/landry/PycharmProjects/cpi_migrator/Final/Prop/SAP_Revenue_Growth_Optimization_Integration_with_SAP_Customer_Relationship_Management - parameters.prop
no keys found	/home/landry/PycharmProjects/cpi_migrator/Final/Prop/SAP_Risk_and_Assurance_Management_Integration_with_SAP_Signavio - parameters-13.prop
no keys found	/home/landry/PycharmProjects/cpi_migrator/Final/Prop/SAP_Risk_and_Assurance_Management_Integration_with_SAP_Signavio - parameters-15.prop
no keys found	/home/landry/PycharmProjects/cpi_migrator/Final/Prop/SAP_Risk_and_Assurance_Management_Integration_with_SAP_Signavio - parameters-3.prop
no keys found	/home/landry/PycharmProjects/cpi_migrator/Final/Prop/SAP_Risk_and_Assurance_Management_Integration_with_SAP_Signavio - parameters-5.prop
no keys found	/home/landry/PycharmProjects/cpi_migrator/Final/Prop/SAP_S-4HANA_Cloud_Integration_with_Third-party_Payroll - parameters-1.prop
no keys found	/home/landry/PycharmProjects/cpi_migrator/Final/Prop/SAP_S-4HANA_Cloud_Integration_with_Third-party_Payroll - parameters-2.prop
no keys found	/home/landry/PycharmProjects/cpi_migrator/Final/Prop/SAP_S-4HANA_Cloud_Integration_with_Third-party_Payroll - parameters.prop
no keys found	/home/landry/PycharmProjects/cpi_migrator/Final/Prop/SAP_S-4HANA_Integration_with_Avalara_Avatax_Sales_and_Use_Tax - parameters-2.prop
no keys found	/home/landry/PycharmProjects/cpi_migrator/Final/Prop/SAP_S-4HANA_Integration_with_Avalara_Avatax_Sales_and_Use_Tax - parameters-3.prop
no keys found	/home/landry/PycharmProjects/cpi_migrator/Final/Prop/SAP_S-4HANA_Integration_with_Avalara_Solution_Suite - parameters-2.prop
empty	/home/landry/PycharmProjects/cpi_migrator/Final/Prop/SAP_S-4HANA_Integration_with_SAP_Digital_Manufacturing - parameters-10.prop
no keys found	/home/landry/PycharmProjects/cpi_migrator/Final/Prop/SAP_S-4HANA_Integration_with_SAP_Digital_Manufacturing - parameters-105.prop
empty	/home/landry/PycharmProjects/cpi_migrator/Final/Prop/SAP_S-4HANA_Integration_with_SAP_Digital_Manufacturing - parameters-106.prop
empty	/home/landry/PycharmProjects/cpi_migrator/Final/Prop/SAP_S-4HANA_Integration_with_SAP_Digital_Manufacturing - parameters-110.prop
empty	/home/landry/PycharmProjects/cpi_migrator/Final/Prop/SAP_S-4HANA_Integration_with_SAP_Digital_Manufacturing - parameters-111.prop
empty	/home/landry/PycharmProjects/cpi_migrator/Final/Prop/SAP_S-4HANA_Integration_with_SAP_Digital_Manufacturing - parameters-116.prop
empty	/home/landry/PycharmProjects/cpi_migrator/Final/Prop/SAP_S-4HANA_Integration_with_SAP_Digital_Manufacturing - parameters-119.prop
empty	/home/landry/PycharmProjects/cpi_migrator/Final/Prop/SAP_S-4HANA_Integration_with_SAP_Digital_Manufacturing - parameters-121.prop
no keys found	/home/landry/PycharmProjects/cpi_migrator/Final/Prop/SAP_S-4HANA_Integration_with_SAP_Digital_Manufacturing - parameters-122.prop
no keys found	/home/landry/PycharmProjects/cpi_migrator/Final/Prop/SAP_S-4HANA_Integration_with_SAP_Digital_Manufacturing - parameters-123.prop
empty	/home/landry/PycharmProjects/cpi_migrator/Final/Prop/SAP_S-4HANA_Integration_with_SAP_Digital_Manufacturing - parameters-125.prop
no keys found	/home/landry/PycharmProjects/cpi_migrator/Final/Prop/SAP_S-4HANA_Integration_with_SAP_Digital_Manufacturing - parameters-126.prop
no keys found	/home/landry/PycharmProjects/cpi_migrator/Final/Prop/SAP_S-4HANA_Integration_with_SAP_Digital_Manufacturing - parameters-130.prop
no keys found	/home/landry/PycharmProjects/cpi_migrator/Final/Prop/SAP_S-4HANA_Integration_with_SAP_Digital_Manufacturing - parameters-131.prop
empty	/home/landry/PycharmProjects/cpi_migrator/Final/Prop/SAP_S-4HANA_Integration_with_SAP_Digital_Manufacturing - parameters-136.prop
empty	/home/landry/PycharmProjects/cpi_migrator/Final/Prop/SAP_S-4HANA_Integration_with_SAP_Digital_Manufacturing - parameters-137.prop
empty	/home/landry/PycharmProjects/cpi_migrator/Final/Prop/SAP_S-4HANA_Integration_with_SAP_Digital_Manufacturing - parameters-138.prop
no keys found	/home/landry/PycharmProjects/cpi_migrator/Final/Prop/SAP_S-4HANA_Integration_with_SAP_Digital_Manufacturing - parameters-145.prop
no keys found	/home/landry/PycharmProjects/cpi_migrator/Final/Prop/SAP_S-4HANA_Integration_with_SAP_Digital_Manufacturing - parameters-146.prop
no keys found	/home/landry/PycharmProjects/cpi_migrator/Final/Prop/SAP_S-4HANA_Integration_with_SAP_Digital_Manufacturing - parameters-17.prop
empty	/home/landry/PycharmProjects/cpi_migrator/Final/Prop/SAP_S-4HANA_Integration_with_SAP_Digital_Manufacturing - parameters-18.prop
empty	/home/landry/PycharmProjects/cpi_migrator/Final/Prop/SAP_S-4HANA_Integration_with_SAP_Digital_Manufacturing - parameters-2.prop
empty	/home/landry/PycharmProjects/cpi_migrator/Final/Prop/SAP_S-4HANA_Integration_with_SAP_Digital_Manufacturing - parameters-20.prop
no keys found	/home/landry/PycharmProjects/cpi_migrator/Final/Prop/SAP_S-4HANA_Integration_with_SAP_Digital_Manufacturing - parameters-22.prop
empty	/home/landry/PycharmProjects/cpi_migrator/Final/Prop/SAP_S-4HANA_Integration_with_SAP_Digital_Manufacturing - parameters-25.prop
no keys found	/home/landry/PycharmProjects/cpi_migrator/Final/Prop/SAP_S-4HANA_Integration_with_SAP_Digital_Manufacturing - parameters-30.prop
empty	/home/landry/PycharmProjects/cpi_migrator/Final/Prop/SAP_S-4HANA_Integration_with_SAP_Digital_Manufacturing - parameters-34.prop
no keys found	/home/landry/PycharmProjects/cpi_migrator/Final/Prop/SAP_S-4HANA_Integration_with_SAP_Digital_Manufacturing - parameters-37.prop
no keys found	/home/landry/PycharmProjects/cpi_migrator/Final/Prop/SAP_S-4HANA_Integration_with_SAP_Digital_Manufacturing - parameters-4.prop
empty	/home/landry/PycharmProjects/cpi_migrator/Final/Prop/SAP_S-4HANA_Integration_with_SAP_Digital_Manufacturing - parameters-44.prop
empty	/home/landry/PycharmProjects/cpi_migrator/Final/Prop/SAP_S-4HANA_Integration_with_SAP_Digital_Manufacturing - parameters-5.prop
empty	/home/landry/PycharmProjects/cpi_migrator/Final/Prop/SAP_S-4HANA_Integration_with_SAP_Digital_Manufacturing - parameters-53.prop
empty	/home/landry/PycharmProjects/cpi_migrator/Final/Prop/SAP_S-4HANA_Integration_with_SAP_Digital_Manufacturing - parameters-55.prop
empty	/home/landry/PycharmProjects/cpi_migrator/Final/Prop/SAP_S-4HANA_Integration_with_SAP_Digital_Manufacturing - parameters-56.prop
empty	/home/landry/PycharmProjects/cpi_migrator/Final/Prop/SAP_S-4HANA_Integration_with_SAP_Digital_Manufacturing - parameters-58.prop
empty	/home/landry/PycharmProjects/cpi_migrator/Final/Prop/SAP_S-4HANA_Integration_with_SAP_Digital_Manufacturing - parameters-60.prop
no keys found	/home/landry/PycharmProjects/cpi_migrator/Final/Prop/SAP_S-4HANA_Integration_with_SAP_Digital_Manufacturing - parameters-61.prop
empty	/home/landry/PycharmProjects/cpi_migrator/Final/Prop/SAP_S-4HANA_Integration_with_SAP_Digital_Manufacturing - parameters-65.prop
empty	/home/landry/PycharmProjects/cpi_migrator/Final/Prop/SAP_S-4HANA_Integration_with_SAP_Digital_Manufacturing - parameters-67.prop
empty	/home/landry/PycharmProjects/cpi_migrator/Final/Prop/SAP_S-4HANA_Integration_with_SAP_Digital_Manufacturing - parameters-68.prop
no keys found	/home/landry/PycharmProjects/cpi_migrator/Final/Prop/SAP_S-4HANA_Integration_with_SAP_Digital_Manufacturing - parameters-69.prop
no keys found	/home/landry/PycharmProjects/cpi_migrator/Final/Prop/SAP_S-4HANA_Integration_with_SAP_Digital_Manufacturing - parameters-71.prop
empty	/home/landry/PycharmProjects/cpi_migrator/Final/Prop/SAP_S-4HANA_Integration_with_SAP_Digital_Manufacturing - parameters-75.prop
empty	/home/landry/PycharmProjects/cpi_migrator/Final/Prop/SAP_S-4HANA_Integration_with_SAP_Digital_Manufacturing - parameters-78.prop
no keys found	/home/landry/PycharmProjects/cpi_migrator/Final/Prop/SAP_S-4HANA_Integration_with_SAP_Digital_Manufacturing - parameters-79.prop
no keys found	/home/landry/PycharmProjects/cpi_migrator/Final/Prop/SAP_S-4HANA_Integration_with_SAP_Digital_Manufacturing - parameters-8.prop
empty	/home/landry/PycharmProjects/cpi_migrator/Final/Prop/SAP_S-4HANA_Integration_with_SAP_Digital_Manufacturing - parameters-80.prop
empty	/home/landry/PycharmProjects/cpi_migrator/Final/Prop/SAP_S-4HANA_Integration_with_SAP_Digital_Manufacturing - parameters-83.prop
empty	/home/landry/PycharmProjects/cpi_migrator/Final/Prop/SAP_S-4HANA_Integration_with_SAP_Digital_Manufacturing - parameters-84.prop
empty	/home/landry/PycharmProjects/cpi_migrator/Final/Prop/SAP_S-4HANA_Integration_with_SAP_Digital_Manufacturing - parameters-88.prop
empty	/home/landry/PycharmProjects/cpi_migrator/Final/Prop/SAP_S-4HANA_Integration_with_SAP_Digital_Manufacturing - parameters-90.prop
no keys found	/home/landry/PycharmProjects/cpi_migrator/Final/Prop/SAP_S-4HANA_Integration_with_SAP_Digital_Manufacturing - parameters-91.prop
empty	/home/landry/PycharmProjects/cpi_migrator/Final/Prop/SAP_S-4HANA_Integration_with_SAP_Digital_Manufacturing - parameters.prop
empty	/home/landry/PycharmProjects/cpi_migrator/Final/Prop/SAP_S-4HANA_Integration_with_SAP_Digital_Manufacturing_Cloud_Templates - parameters-1.prop
empty	/home/landry/PycharmProjects/cpi_migrator/Final/Prop/SAP_S-4HANA_Integration_with_SAP_Digital_Manufacturing_Cloud_Templates - parameters-10.prop
no keys found	/home/landry/PycharmProjects/cpi_migrator/Final/Prop/SAP_S-4HANA_Integration_with_SAP_Digital_Manufacturing_Cloud_Templates - parameters-11.prop
empty	/home/landry/PycharmProjects/cpi_migrator/Final/Prop/SAP_S-4HANA_Integration_with_SAP_Digital_Manufacturing_Cloud_Templates - parameters-12.prop
empty	/home/landry/PycharmProjects/cpi_migrator/Final/Prop/SAP_S-4HANA_Integration_with_SAP_Digital_Manufacturing_Cloud_Templates - parameters-13.prop
empty	/home/landry/PycharmProjects/cpi_migrator/Final/Prop/SAP_S-4HANA_Integration_with_SAP_Digital_Manufacturing_Cloud_Templates - parameters-14.prop
no keys found	/home/landry/PycharmProjects/cpi_migrator/Final/Prop/SAP_S-4HANA_Integration_with_SAP_Digital_Manufacturing_Cloud_Templates - parameters-20.prop
empty	/home/landry/PycharmProjects/cpi_migrator/Final/Prop/SAP_S-4HANA_Integration_with_SAP_Digital_Manufacturing_Cloud_Templates - parameters-23.prop
empty	/home/landry/PycharmProjects/cpi_migrator/Final/Prop/SAP_S-4HANA_Integration_with_SAP_Digital_Manufacturing_Cloud_Templates - parameters-28.prop
empty	/home/landry/PycharmProjects/cpi_migrator/Final/Prop/SAP_S-4HANA_Integration_with_SAP_Digital_Manufacturing_Cloud_Templates - parameters-29.prop
empty	/home/landry/PycharmProjects/cpi_migrator/Final/Prop/SAP_S-4HANA_Integration_with_SAP_Digital_Manufacturing_Cloud_Templates - parameters-31.prop
empty	/home/landry/PycharmProjects/cpi_migrator/Final/Prop/SAP_S-4HANA_Integration_with_SAP_Digital_Manufacturing_Cloud_Templates - parameters-33.prop
empty	/home/landry/PycharmProjects/cpi_migrator/Final/Prop/SAP_S-4HANA_Integration_with_SAP_Digital_Manufacturing_Cloud_Templates - parameters-34.prop
empty	/home/landry/PycharmProjects/cpi_migrator/Final/Prop/SAP_S-4HANA_Integration_with_SAP_Digital_Manufacturing_Cloud_Templates - parameters-38.prop
empty	/home/landry/PycharmProjects/cpi_migrator/Final/Prop/SAP_S-4HANA_Integration_with_SAP_Digital_Manufacturing_Cloud_Templates - parameters-4.prop
empty	/home/landry/PycharmProjects/cpi_migrator/Final/Prop/SAP_S-4HANA_Integration_with_SAP_Digital_Manufacturing_Cloud_Templates - parameters-40.prop
no keys found	/home/landry/PycharmProjects/cpi_migrator/Final/Prop/SAP_S-4HANA_Integration_with_SAP_Digital_Manufacturing_Cloud_Templates - parameters-41.prop
no keys found	/home/landry/PycharmProjects/cpi_migrator/Final/Prop/SAP_S-4HANA_Integration_with_SAP_Digital_Manufacturing_Cloud_Templates - parameters-45.prop
empty	/home/landry/PycharmProjects/cpi_migrator/Final/Prop/SAP_S-4HANA_Integration_with_SAP_Digital_Manufacturing_Cloud_Templates - parameters-46.prop
empty	/home/landry/PycharmProjects/cpi_migrator/Final/Prop/SAP_S-4HANA_Integration_with_SAP_Digital_Manufacturing_Cloud_Templates - parameters-48.prop
empty	/home/landry/PycharmProjects/cpi_migrator/Final/Prop/SAP_S-4HANA_Integration_with_SAP_Digital_Manufacturing_Cloud_Templates - parameters-5.prop
empty	/home/landry/PycharmProjects/cpi_migrator/Final/Prop/SAP_S-4HANA_Integration_with_SAP_Digital_Manufacturing_Cloud_Templates - parameters-52.prop
empty	/home/landry/PycharmProjects/cpi_migrator/Final/Prop/SAP_S-4HANA_Integration_with_SAP_Digital_Manufacturing_Cloud_Templates - parameters-53.prop
no keys found	/home/landry/PycharmProjects/cpi_migrator/Final/Prop/SAP_S-4HANA_Integration_with_SAP_Digital_Manufacturing_Cloud_Templates - parameters-54.prop
empty	/home/landry/PycharmProjects/cpi_migrator/Final/Prop/SAP_S-4HANA_Integration_with_SAP_Digital_Manufacturing_Cloud_Templates - parameters-58.prop
empty	/home/landry/PycharmProjects/cpi_migrator/Final/Prop/SAP_S-4HANA_Integration_with_SAP_Digital_Manufacturing_Cloud_Templates - parameters-6.prop
empty	/home/landry/PycharmProjects/cpi_migrator/Final/Prop/SAP_S-4HANA_Integration_with_SAP_Digital_Manufacturing_Cloud_Templates - parameters-60.prop
no keys found	/home/landry/PycharmProjects/cpi_migrator/Final/Prop/SAP_S-4HANA_Integration_with_SAP_Digital_Manufacturing_Cloud_Templates - parameters-61.prop
empty	/home/landry/PycharmProjects/cpi_migrator/Final/Prop/SAP_S-4HANA_Integration_with_SAP_Digital_Manufacturing_Cloud_Templates - parameters-63.prop
empty	/home/landry/PycharmProjects/cpi_migrator/Final/Prop/SAP_S-4HANA_Integration_with_SAP_Digital_Manufacturing_Cloud_Templates - parameters-65.prop
empty	/home/landry/PycharmProjects/cpi_migrator/Final/Prop/SAP_S-4HANA_Integration_with_SAP_Digital_Manufacturing_Cloud_Templates - parameters-66.prop
empty	/home/landry/PycharmProjects/cpi_migrator/Final/Prop/SAP_S-4HANA_Integration_with_SAP_Digital_Manufacturing_Cloud_Templates - parameters-68.prop
empty	/home/landry/PycharmProjects/cpi_migrator/Final/Prop/SAP_S-4HANA_Integration_with_SAP_Digital_Manufacturing_Cloud_Templates - parameters-69.prop
empty	/home/landry/PycharmProjects/cpi_migrator/Final/Prop/SAP_S-4HANA_Integration_with_SAP_Digital_Manufacturing_Cloud_Templates - parameters-70.prop
empty	/home/landry/PycharmProjects/cpi_migrator/Final/Prop/SAP_S-4HANA_Integration_with_SAP_Digital_Manufacturing_Cloud_Templates - parameters-71.prop
empty	/home/landry/PycharmProjects/cpi_migrator/Final/Prop/SAP_S-4HANA_Integration_with_SAP_Digital_Manufacturing_Cloud_Templates - parameters-74.prop
empty	/home/landry/PycharmProjects/cpi_migrator/Final/Prop/SAP_S-4HANA_Integration_with_SAP_Digital_Manufacturing_Cloud_Templates - parameters-75.prop
no keys found	/home/landry/PycharmProjects/cpi_migrator/Final/Prop/SAP_SuccessFactors_Reusable_Artifacts_for_Cobrainer_Integration - parameters-3.prop
no keys found	/home/landry/PycharmProjects/cpi_migrator/Final/Prop/SAP_SuccessFactors_Reusable_Artifacts_for_Cobrainer_Integration - parameters-4.prop
no keys found	/home/landry/PycharmProjects/cpi_migrator/Final/Prop/SAP_SuccessFactors_Reusable_Artifacts_for_Cobrainer_Integration - parameters-9.prop
no keys found	/home/landry/PycharmProjects/cpi_migrator/Final/Prop/SAP_SuccessFactors_Reusable_Artifacts_for_Cobrainer_Integration - parameters.prop
no keys found	/home/landry/PycharmProjects/cpi_migrator/Final/Prop/SPS_Commerce_Supplier_Integration_with_SAP_S-4HANA_Public_Cloud - parameters-1.prop
no keys found	/home/landry/PycharmProjects/cpi_migrator/Final/Prop/SPS_Commerce_Supplier_Integration_with_SAP_S-4HANA_Public_Cloud - parameters-2.prop
no keys found	/home/landry/PycharmProjects/cpi_migrator/Final/Prop/SPS_Commerce_Supplier_Integration_with_SAP_S-4HANA_Public_Cloud - parameters-3.prop
no keys found	/home/landry/PycharmProjects/cpi_migrator/Final/Prop/SPS_Commerce_Supplier_Integration_with_SAP_S-4HANA_Public_Cloud - parameters-4.prop
no keys found	/home/landry/PycharmProjects/cpi_migrator/Final/Prop/SPS_Commerce_Supplier_Integration_with_SAP_S-4HANA_Public_Cloud - parameters-5.prop
no keys found	/home/landry/PycharmProjects/cpi_migrator/Final/Prop/SPS_Commerce_Supplier_Integration_with_SAP_S-4HANA_Public_Cloud - parameters-6.prop
no keys found	/home/landry/PycharmProjects/cpi_migrator/Final/Prop/SPS_Commerce_Supplier_Integration_with_SAP_S-4HANA_Public_Cloud - parameters-7.prop
no keys found	/home/landry/PycharmProjects/cpi_migrator/Final/Prop/SPS_Commerce_Supplier_Integration_with_SAP_S-4HANA_Public_Cloud - parameters.prop
no keys found	/home/landry/PycharmProjects/cpi_migrator/Final/Prop/SuccessFactors_HCM_Suite_Talent_Management_integration_with_SAP_ERP_HCM - parameters-17.prop
no keys found	/home/landry/PycharmProjects/cpi_migrator/Final/Prop/Supplier_Integration_between_SAP_Integrated_Business_Planning_and_SAP_Business_Networks - parameters-1.prop
no keys found	/home/landry/PycharmProjects/cpi_migrator/Final/Prop/Supplier_Integration_between_SAP_Integrated_Business_Planning_and_SAP_Business_Networks - parameters-2.prop
no keys found	/home/landry/PycharmProjects/cpi_migrator/Final/Prop/Supplier_Integration_between_SAP_Integrated_Business_Planning_and_SAP_Business_Networks - parameters-3.prop
no keys found	/home/landry/PycharmProjects/cpi_migrator/Final/Prop/Ticketmaster_Journal_Entry_Integration_with_SAP_S-4HANA_Cloud - parameters-1.prop
xml parse error: syntax error: line 3, column 0	/home/landry/PycharmProjects/cpi_migrator/Final/Wsdl/SAP_Document_and_Reporting_Compliance-_Electronic_Invoicing_for_Colombia - eDocColombiaGetStatusV1.0.wsdl
xml parse error: mismatched tag: line 351, column 6	/home/landry/PycharmProjects/cpi_migrator/Final/Wsdl/SAP_S-4HANA_Integration_with_SAP_Customer_Data_Platform - OP_CO_EDI_INVOICE_REQUEST_OUT_OID.wsdl
xml parse error: not well-formed (invalid token): line 2, column 26	/home/landry/PycharmProjects/cpi_migrator/Final/Xsl/SAP_Commerce_Integration_with_SAP_CPQ_and_SAP_Subscription_Billing - XSLTMapping17.xsl
xml parse error: not well-formed (invalid token): line 2, column 26	/home/landry/PycharmProjects/cpi_migrator/Final/Xsl/SAP_Commerce_Integration_with_SAP_CPQ_and_SAP_Subscription_Billing - XSLTMapping18.xsl
xml parse error: no element found: line 78, column 17	/home/landry/PycharmProjects/cpi_migrator/Final/Xsl/SAP_Document_and_Reporting_Compliance-_Electronic_Documents_for_Chile - XSLTMapping4.xsl
xml parse error: not well-formed (invalid token): line 8, column 48	/home/landry/PycharmProjects/cpi_migrator/Final/Xsl/SAP_Document_and_Reporting_Compliance-_Electronic_Invoicing_for_South_Korea - test1.xsl
empty	/home/landry/PycharmProjects/cpi_migrator/Final/Xsl/SAP_IBP_Add-On_-_Reusable_Integration_Flows - PreparePreFetch.xsl
xml parse error: unbound prefix: line 8, column 2	/home/landry/PycharmProjects/cpi_migrator/Final/Xsl/SAP_SuccessFactors_Employee_Central_Payroll_Integration_With_Norway_Payroll - soap_env.xsl
