2026-06-12 18:49:52,942 INFO Fetching OAuth2 token from https://0140aa99trial.authentication.us10.hana.ondemand.com/oauth/token
2026-06-12 18:49:53,312 INFO OAuth2 token obtained, expires in 43199s
2026-06-12 18:49:53,315 INFO ANS alerting enabled → https://cse.google.com/cse?cx=67ffb5601569e49d8 (email)
2026-06-12 18:49:53,315 INFO poller started → file=output/cpi_runs.json iflow=(all) interval=60s
2026-06-12 18:49:53,767 INFO cycle: +0 new (213 total)
2026-06-12 18:50:54,330 INFO cycle: +1 new (214 total)
2026-06-12 18:50:54,672 INFO ANS token obtained (client …b673), expires in 43199s
2026-06-12 18:50:54,910 INFO ANS event CPI_MESSAGE_FAILED → HTTP 202
2026-06-12 18:50:55,011 INFO ANS event CPI_MESSAGE_FAILED → HTTP 202
2026-06-12 18:50:55,098 INFO ANS event CPI_MESSAGE_FAILED → HTTP 202
2026-06-12 18:50:55,185 INFO ANS event CPI_MESSAGE_FAILED → HTTP 202
2026-06-12 18:50:55,268 INFO ANS event CPI_MESSAGE_FAILED → HTTP 202
2026-06-12 18:50:55,348 INFO ANS event CPI_MESSAGE_FAILED → HTTP 202
2026-06-12 18:50:55,349 INFO ANS: 6 failure alert(s) sent
2026-06-12 18:51:55,921 INFO cycle: +1 new (215 total)
2026-06-12 18:51:56,171 INFO ANS event CPI_MESSAGE_FAILED → HTTP 202
2026-06-12 18:51:56,173 INFO ANS: 1 failure alert(s) sent
2026-06-12 18:52:56,760 INFO cycle: +0 new (215 total)
2026-06-12 18:53:57,195 INFO cycle: +0 new (215 total)
2026-06-12 18:54:57,625 INFO cycle: +0 new (215 total)
2026-06-12 18:55:58,097 INFO cycle: +0 new (215 total)
2026-06-12 18:56:58,683 INFO cycle: +0 new (215 total)
2026-06-12 18:57:59,275 INFO cycle: +0 new (215 total)
2026-06-12 18:58:59,849 INFO cycle: +0 new (215 total)
2026-06-12 19:00:00,492 INFO cycle: +0 new (215 total)
2026-06-12 19:01:01,037 INFO cycle: +1 new (216 total)
2026-06-12 19:02:01,450 INFO cycle: +0 new (216 total)
